Remove Pin=*2-2 From Net=GPIO0
Remove Pin=*2-3 From Net=GPIO1
Remove Pin=*2-4 From Net=GPIO2
Remove Pin=*2-5 From Net=GPIO3
Remove Pin=*2-6 From Net=GPIO4
Remove Pin=*2-7 From Net=GPIO5
Remove Pin=*2-8 From Net=GPIO6
Remove Pin=*2-9 From Net=GPIO7
Remove Pin=*2-11 From Net=GPIO8
Remove Pin=*2-12 From Net=GPIO9
Remove Pin=*2-13 From Net=GPIO10
Remove Pin=*2-14 From Net=GPIO11
Remove Pin=*2-15 From Net=GPIO12
Remove Pin=*2-16 From Net=GPIO13
Remove Pin=*2-17 From Net=GPIO14
Remove Pin=*2-18 From Net=GPIO15
Remove Pin=*2-20 From Net=XIN
Remove Pin=*2-21 From Net=XOUT
Remove Pin=*2-24 From Net=SWCLK
Remove Pin=*2-25 From Net=SWD
Remove Pin=*2-26 From Net=RUN
Remove Pin=*2-27 From Net=GPIO16
Remove Pin=*2-28 From Net=GPIO17
Remove Pin=*2-29 From Net=GPIO18
Remove Pin=*2-30 From Net=GPIO19
Remove Pin=*2-31 From Net=GPIO20
Remove Pin=*2-32 From Net=GPIO21
Remove Pin=*2-34 From Net=GPIO22
Remove Pin=*2-35 From Net=GPIO23
Remove Pin=*2-36 From Net=GPIO24
Remove Pin=*2-37 From Net=GPIO25
Remove Pin=*2-38 From Net=GPIO26_ADC0
Remove Pin=*2-39 From Net=GPIO26_ADC1
Remove Pin=*2-40 From Net=GPIO26_ADC2
Remove Pin=*2-41 From Net=GPIO26_ADC3
Remove Pin=*2-51 From Net=QSPI_SD3
Remove Pin=*2-52 From Net=QSPI_SCLK
Remove Pin=*2-53 From Net=QSPI_SD0
Remove Pin=*2-54 From Net=QSPI_SD2
Remove Pin=*2-55 From Net=QSPI_SD1
Remove Pin=*2-56 From Net=QSPI_SS
Remove Pin=R1-2 From Net=USB_D+
Remove Pin=R2-2 From Net=USB_D-
Remove Pin=R5-1 From Net=XIN
Remove Pin=U2-2 From Net=QSPI_SD1
Remove Pin=U2-3 From Net=QSPI_SD2
Remove Pin=U2-5 From Net=QSPI_SD0
Remove Pin=U2-6 From Net=QSPI_SCLK
Remove Pin=U2-7 From Net=QSPI_SD3
