Removed Pin From Net: NetName=NetS1_1 Pin=S1-1
Removed Pin From Net: NetName=NetS1_1 Pin=S1-2
Removed Pin From Net: NetName=NetS1_1 Pin=S2-1
Removed Pin From Net: NetName=NetS1_1 Pin=S2-2
Removed Pin From Net: NetName=NetS1_1 Pin=S3-1
Removed Pin From Net: NetName=NetS1_1 Pin=S3-2
Removed Pin From Net: NetName=NetS1_1 Pin=S4-1
Removed Pin From Net: NetName=NetS1_1 Pin=S4-2
Removed Pin From Net: NetName=NetS1_1 Pin=S5-1
Removed Pin From Net: NetName=NetS1_1 Pin=S5-2
Removed Pin From Net: NetName=NetS1_1 Pin=S6-1
Removed Pin From Net: NetName=NetS1_1 Pin=S6-2
Change Component Designator: OldDesignator=S5 NewDesignator=S6
Change Component Designator: OldDesignator=S6 NewDesignator=S7
Change Component Designator: OldDesignator=U1 NewDesignator=U3
Added Component: Designator=C1(CAP 0402_1005)
Add component (AddParameter): Name = "Applications"; Value = "Automotive"; VariantName = "[No Variations]"
Add component (AddParameter): Name = "Case/Package"; Value = "0402 (1005 Metric)"; VariantName = "[No Variations]"
Add component (AddParameter): Name = "ComponentLink1Description"; Value = "Datasheet"; VariantName = "[No Variations]"
Add component (AddParameter): Name = "ComponentLink1URL"; Value = "http://www.samsungsem.com/kr/support/product-search/mlcc/__icsFiles/afieldfile/2018/06/26/CL05Y105KP6VPNC.pdf"; VariantName = "[No Variations]"
Add component (AddParameter): Name = "ComponentLink2Description"; Value = "DigiKey Link"; VariantName = "[No Variations]"
Add component (AddParameter): Name = "ComponentLink2URL"; Value = "https://www.digikey.com/en/products/detail/samsung-electro-mechanics/CL05Y105KP6VPNC/11487815"; VariantName = "[No Variations]"
Add component (AddParameter): Name = "Device Package"; Value = "0402 (1005 Metric)"; VariantName = "[No Variations]"
Add component (AddParameter): Name = "Failure Rate"; Value = ""; VariantName = "[No Variations]"
Add component (AddParameter): Name = "Features"; Value = ""; VariantName = "[No Variations]"
Add component (AddParameter): Name = "Height - Seated (Max)"; Value = ""; VariantName = "[No Variations]"
Add component (AddParameter): Name = "lastupdated"; Value = "2023-09-28 7:03:54 PM"; VariantName = "[No Variations]"
Add component (AddParameter): Name = "Lead Spacing"; Value = ""; VariantName = "[No Variations]"
Add component (AddParameter): Name = "Lead Style"; Value = ""; VariantName = "[No Variations]"
Add component (AddParameter): Name = "Lifecycle Status"; Value = "Active"; VariantName = "[No Variations]"
Add component (AddParameter): Name = "manufacturer"; Value = "Samsung Electro-Mechanics"; VariantName = "[No Variations]"
Add component (AddParameter): Name = "Minimum Order"; Value = "1"; VariantName = "[No Variations]"
Add component (AddParameter): Name = "Mounting Type"; Value = "Surface Mount, MLCC"; VariantName = "[No Variations]"
Add component (AddParameter): Name = "Operating Temperature"; Value = "-55°C ~ 125°C"; VariantName = "[No Variations]"
Add component (AddParameter): Name = "packaging"; Value = "CutTape"; VariantName = "[No Variations]"
Add component (AddParameter): Name = "Part Number"; Value = "CL05Y105KP6VPNC"; VariantName = "[No Variations]"
Add component (AddParameter): Name = "Part Status"; Value = "Active"; VariantName = "[No Variations]"
Add component (AddParameter): Name = "partid"; Value = "40006"; VariantName = "[No Variations]"
Add component (AddParameter): Name = "price"; Value = "0.03"; VariantName = "[No Variations]"
Add component (AddParameter): Name = "Ratings"; Value = "AEC-Q200"; VariantName = "[No Variations]"
Add component (AddParameter): Name = "series"; Value = "CL"; VariantName = "[No Variations]"
Add component (AddParameter): Name = "Size / Dimension"; Value = ""; VariantName = "[No Variations]"
Add component (AddParameter): Name = "Temperature Coefficient"; Value = "X7S"; VariantName = "[No Variations]"
Add component (AddParameter): Name = "Thickness (Max)"; Value = ""; VariantName = "[No Variations]"
Add component (AddParameter): Name = "Tolerance"; Value = "10%"; VariantName = "[No Variations]"
Add component (AddParameter): Name = "type"; Value = ""; VariantName = "[No Variations]"
Add component (AddParameter): Name = "Value"; Value = "1µF"; VariantName = "[No Variations]"
Add component (AddParameter): Name = "Voltage - Rated"; Value = ""; VariantName = "[No Variations]"
Added Component: Designator=C2(CAP 0402_1005)
Add component (AddParameter): Name = "Applications"; Value = "Automotive"; VariantName = "[No Variations]"
Add component (AddParameter): Name = "Case/Package"; Value = "0402 (1005 Metric)"; VariantName = "[No Variations]"
Add component (AddParameter): Name = "ComponentLink1Description"; Value = "Datasheet"; VariantName = "[No Variations]"
Add component (AddParameter): Name = "ComponentLink1URL"; Value = "http://www.samsungsem.com/kr/support/product-search/mlcc/__icsFiles/afieldfile/2018/06/26/CL05Y105KP6VPNC.pdf"; VariantName = "[No Variations]"
Add component (AddParameter): Name = "ComponentLink2Description"; Value = "DigiKey Link"; VariantName = "[No Variations]"
Add component (AddParameter): Name = "ComponentLink2URL"; Value = "https://www.digikey.com/en/products/detail/samsung-electro-mechanics/CL05Y105KP6VPNC/11487815"; VariantName = "[No Variations]"
Add component (AddParameter): Name = "Device Package"; Value = "0402 (1005 Metric)"; VariantName = "[No Variations]"
Add component (AddParameter): Name = "Failure Rate"; Value = ""; VariantName = "[No Variations]"
Add component (AddParameter): Name = "Features"; Value = ""; VariantName = "[No Variations]"
Add component (AddParameter): Name = "Height - Seated (Max)"; Value = ""; VariantName = "[No Variations]"
Add component (AddParameter): Name = "lastupdated"; Value = "2023-09-28 7:03:54 PM"; VariantName = "[No Variations]"
Add component (AddParameter): Name = "Lead Spacing"; Value = ""; VariantName = "[No Variations]"
Add component (AddParameter): Name = "Lead Style"; Value = ""; VariantName = "[No Variations]"
Add component (AddParameter): Name = "Lifecycle Status"; Value = "Active"; VariantName = "[No Variations]"
Add component (AddParameter): Name = "manufacturer"; Value = "Samsung Electro-Mechanics"; VariantName = "[No Variations]"
Add component (AddParameter): Name = "Minimum Order"; Value = "1"; VariantName = "[No Variations]"
Add component (AddParameter): Name = "Mounting Type"; Value = "Surface Mount, MLCC"; VariantName = "[No Variations]"
Add component (AddParameter): Name = "Operating Temperature"; Value = "-55°C ~ 125°C"; VariantName = "[No Variations]"
Add component (AddParameter): Name = "packaging"; Value = "CutTape"; VariantName = "[No Variations]"
Add component (AddParameter): Name = "Part Number"; Value = "CL05Y105KP6VPNC"; VariantName = "[No Variations]"
Add component (AddParameter): Name = "Part Status"; Value = "Active"; VariantName = "[No Variations]"
Add component (AddParameter): Name = "partid"; Value = "40006"; VariantName = "[No Variations]"
Add component (AddParameter): Name = "price"; Value = "0.03"; VariantName = "[No Variations]"
Add component (AddParameter): Name = "Ratings"; Value = "AEC-Q200"; VariantName = "[No Variations]"
Add component (AddParameter): Name = "series"; Value = "CL"; VariantName = "[No Variations]"
Add component (AddParameter): Name = "Size / Dimension"; Value = ""; VariantName = "[No Variations]"
Add component (AddParameter): Name = "Temperature Coefficient"; Value = "X7S"; VariantName = "[No Variations]"
Add component (AddParameter): Name = "Thickness (Max)"; Value = ""; VariantName = "[No Variations]"
Add component (AddParameter): Name = "Tolerance"; Value = "10%"; VariantName = "[No Variations]"
Add component (AddParameter): Name = "type"; Value = ""; VariantName = "[No Variations]"
Add component (AddParameter): Name = "Value"; Value = "1µF"; VariantName = "[No Variations]"
Add component (AddParameter): Name = "Voltage - Rated"; Value = ""; VariantName = "[No Variations]"
Added Component: Designator=C3(CAP 0603_1608)
Add component (AddParameter): Name = "Applications"; Value = "General Purpose"; VariantName = "[No Variations]"
Add component (AddParameter): Name = "Case/Package"; Value = "0603 (1608 Metric)"; VariantName = "[No Variations]"
Add component (AddParameter): Name = "ComponentLink1Description"; Value = "DigiKey Link"; VariantName = "[No Variations]"
Add component (AddParameter): Name = "ComponentLink1URL"; Value = "https://www.digikey.com/en/products/detail/murata-electronics/GRM188C80J106MEA6J/10704296"; VariantName = "[No Variations]"
Add component (AddParameter): Name = "Device Package"; Value = "0603 (1608 Metric)"; VariantName = "[No Variations]"
Add component (AddParameter): Name = "Failure Rate"; Value = ""; VariantName = "[No Variations]"
Add component (AddParameter): Name = "Features"; Value = ""; VariantName = "[No Variations]"
Add component (AddParameter): Name = "Height - Seated (Max)"; Value = ""; VariantName = "[No Variations]"
Add component (AddParameter): Name = "lastupdated"; Value = "2023-09-28 7:07:22 PM"; VariantName = "[No Variations]"
Add component (AddParameter): Name = "Lead Spacing"; Value = ""; VariantName = "[No Variations]"
Add component (AddParameter): Name = "Lead Style"; Value = ""; VariantName = "[No Variations]"
Add component (AddParameter): Name = "Lifecycle Status"; Value = "Active"; VariantName = "[No Variations]"
Add component (AddParameter): Name = "manufacturer"; Value = "Murata Electronics"; VariantName = "[No Variations]"
Add component (AddParameter): Name = "Minimum Order"; Value = "1"; VariantName = "[No Variations]"
Add component (AddParameter): Name = "Mounting Type"; Value = "Surface Mount, MLCC"; VariantName = "[No Variations]"
Add component (AddParameter): Name = "Operating Temperature"; Value = "-55°C ~ 105°C"; VariantName = "[No Variations]"
Add component (AddParameter): Name = "packaging"; Value = "TapeAndReel"; VariantName = "[No Variations]"
Add component (AddParameter): Name = "Part Number"; Value = "GRM188C80J106MEA6J"; VariantName = "[No Variations]"
Add component (AddParameter): Name = "Part Status"; Value = "Active"; VariantName = "[No Variations]"
Add component (AddParameter): Name = "partid"; Value = "55208"; VariantName = "[No Variations]"
Add component (AddParameter): Name = "price"; Value = "0.01"; VariantName = "[No Variations]"
Add component (AddParameter): Name = "Ratings"; Value = ""; VariantName = "[No Variations]"
Add component (AddParameter): Name = "series"; Value = "GRM"; VariantName = "[No Variations]"
Add component (AddParameter): Name = "Size / Dimension"; Value = "0.063" L x 0.032" W (1.60mm x 0.80mm)"; VariantName = "[No Variations]"
Add component (AddParameter): Name = "Temperature Coefficient"; Value = "X6S"; VariantName = "[No Variations]"
Add component (AddParameter): Name = "Thickness (Max)"; Value = "0.037" (0.95mm)"; VariantName = "[No Variations]"
Add component (AddParameter): Name = "Tolerance"; Value = "20%"; VariantName = "[No Variations]"
Add component (AddParameter): Name = "type"; Value = ""; VariantName = "[No Variations]"
Add component (AddParameter): Name = "Value"; Value = "10µF"; VariantName = "[No Variations]"
Add component (AddParameter): Name = "Voltage - Rated"; Value = "6.3V"; VariantName = "[No Variations]"
Added Component: Designator=C4(CAP 0402_1005)
Add component (AddParameter): Name = "Applications"; Value = "Automotive"; VariantName = "[No Variations]"
Add component (AddParameter): Name = "Case/Package"; Value = "0402 (1005 Metric)"; VariantName = "[No Variations]"
Add component (AddParameter): Name = "ComponentLink1Description"; Value = "Datasheet"; VariantName = "[No Variations]"
Add component (AddParameter): Name = "ComponentLink1URL"; Value = "http://www.samsungsem.com/kr/support/product-search/mlcc/__icsFiles/afieldfile/2018/06/26/CL05Y105KP6VPNC.pdf"; VariantName = "[No Variations]"
Add component (AddParameter): Name = "ComponentLink2Description"; Value = "DigiKey Link"; VariantName = "[No Variations]"
Add component (AddParameter): Name = "ComponentLink2URL"; Value = "https://www.digikey.com/en/products/detail/samsung-electro-mechanics/CL05Y105KP6VPNC/11487815"; VariantName = "[No Variations]"
Add component (AddParameter): Name = "Device Package"; Value = "0402 (1005 Metric)"; VariantName = "[No Variations]"
Add component (AddParameter): Name = "Failure Rate"; Value = ""; VariantName = "[No Variations]"
Add component (AddParameter): Name = "Features"; Value = ""; VariantName = "[No Variations]"
Add component (AddParameter): Name = "Height - Seated (Max)"; Value = ""; VariantName = "[No Variations]"
Add component (AddParameter): Name = "lastupdated"; Value = "2023-09-28 7:03:54 PM"; VariantName = "[No Variations]"
Add component (AddParameter): Name = "Lead Spacing"; Value = ""; VariantName = "[No Variations]"
Add component (AddParameter): Name = "Lead Style"; Value = ""; VariantName = "[No Variations]"
Add component (AddParameter): Name = "Lifecycle Status"; Value = "Active"; VariantName = "[No Variations]"
Add component (AddParameter): Name = "manufacturer"; Value = "Samsung Electro-Mechanics"; VariantName = "[No Variations]"
Add component (AddParameter): Name = "Minimum Order"; Value = "1"; VariantName = "[No Variations]"
Add component (AddParameter): Name = "Mounting Type"; Value = "Surface Mount, MLCC"; VariantName = "[No Variations]"
Add component (AddParameter): Name = "Operating Temperature"; Value = "-55°C ~ 125°C"; VariantName = "[No Variations]"
Add component (AddParameter): Name = "packaging"; Value = "CutTape"; VariantName = "[No Variations]"
Add component (AddParameter): Name = "Part Number"; Value = "CL05Y105KP6VPNC"; VariantName = "[No Variations]"
Add component (AddParameter): Name = "Part Status"; Value = "Active"; VariantName = "[No Variations]"
Add component (AddParameter): Name = "partid"; Value = "40006"; VariantName = "[No Variations]"
Add component (AddParameter): Name = "price"; Value = "0.03"; VariantName = "[No Variations]"
Add component (AddParameter): Name = "Ratings"; Value = "AEC-Q200"; VariantName = "[No Variations]"
Add component (AddParameter): Name = "series"; Value = "CL"; VariantName = "[No Variations]"
Add component (AddParameter): Name = "Size / Dimension"; Value = ""; VariantName = "[No Variations]"
Add component (AddParameter): Name = "Temperature Coefficient"; Value = "X7S"; VariantName = "[No Variations]"
Add component (AddParameter): Name = "Thickness (Max)"; Value = ""; VariantName = "[No Variations]"
Add component (AddParameter): Name = "Tolerance"; Value = "10%"; VariantName = "[No Variations]"
Add component (AddParameter): Name = "type"; Value = ""; VariantName = "[No Variations]"
Add component (AddParameter): Name = "Value"; Value = "1µF"; VariantName = "[No Variations]"
Add component (AddParameter): Name = "Voltage - Rated"; Value = ""; VariantName = "[No Variations]"
Added Component: Designator=C5(CAP 0402_1005)
Add component (AddParameter): Name = "Applications"; Value = "Automotive"; VariantName = "[No Variations]"
Add component (AddParameter): Name = "Case/Package"; Value = "0402 (1005 Metric)"; VariantName = "[No Variations]"
Add component (AddParameter): Name = "ComponentLink1Description"; Value = "Datasheet"; VariantName = "[No Variations]"
Add component (AddParameter): Name = "ComponentLink1URL"; Value = "http://www.samsungsem.com/kr/support/product-search/mlcc/__icsFiles/afieldfile/2018/06/26/CL05Y105KP6VPNC.pdf"; VariantName = "[No Variations]"
Add component (AddParameter): Name = "ComponentLink2Description"; Value = "DigiKey Link"; VariantName = "[No Variations]"
Add component (AddParameter): Name = "ComponentLink2URL"; Value = "https://www.digikey.com/en/products/detail/samsung-electro-mechanics/CL05Y105KP6VPNC/11487815"; VariantName = "[No Variations]"
Add component (AddParameter): Name = "Device Package"; Value = "0402 (1005 Metric)"; VariantName = "[No Variations]"
Add component (AddParameter): Name = "Failure Rate"; Value = ""; VariantName = "[No Variations]"
Add component (AddParameter): Name = "Features"; Value = ""; VariantName = "[No Variations]"
Add component (AddParameter): Name = "Height - Seated (Max)"; Value = ""; VariantName = "[No Variations]"
Add component (AddParameter): Name = "lastupdated"; Value = "2023-09-28 7:03:54 PM"; VariantName = "[No Variations]"
Add component (AddParameter): Name = "Lead Spacing"; Value = ""; VariantName = "[No Variations]"
Add component (AddParameter): Name = "Lead Style"; Value = ""; VariantName = "[No Variations]"
Add component (AddParameter): Name = "Lifecycle Status"; Value = "Active"; VariantName = "[No Variations]"
Add component (AddParameter): Name = "manufacturer"; Value = "Samsung Electro-Mechanics"; VariantName = "[No Variations]"
Add component (AddParameter): Name = "Minimum Order"; Value = "1"; VariantName = "[No Variations]"
Add component (AddParameter): Name = "Mounting Type"; Value = "Surface Mount, MLCC"; VariantName = "[No Variations]"
Add component (AddParameter): Name = "Operating Temperature"; Value = "-55°C ~ 125°C"; VariantName = "[No Variations]"
Add component (AddParameter): Name = "packaging"; Value = "CutTape"; VariantName = "[No Variations]"
Add component (AddParameter): Name = "Part Number"; Value = "CL05Y105KP6VPNC"; VariantName = "[No Variations]"
Add component (AddParameter): Name = "Part Status"; Value = "Active"; VariantName = "[No Variations]"
Add component (AddParameter): Name = "partid"; Value = "40006"; VariantName = "[No Variations]"
Add component (AddParameter): Name = "price"; Value = "0.03"; VariantName = "[No Variations]"
Add component (AddParameter): Name = "Ratings"; Value = "AEC-Q200"; VariantName = "[No Variations]"
Add component (AddParameter): Name = "series"; Value = "CL"; VariantName = "[No Variations]"
Add component (AddParameter): Name = "Size / Dimension"; Value = ""; VariantName = "[No Variations]"
Add component (AddParameter): Name = "Temperature Coefficient"; Value = "X7S"; VariantName = "[No Variations]"
Add component (AddParameter): Name = "Thickness (Max)"; Value = ""; VariantName = "[No Variations]"
Add component (AddParameter): Name = "Tolerance"; Value = "10%"; VariantName = "[No Variations]"
Add component (AddParameter): Name = "type"; Value = ""; VariantName = "[No Variations]"
Add component (AddParameter): Name = "Value"; Value = "1µF"; VariantName = "[No Variations]"
Add component (AddParameter): Name = "Voltage - Rated"; Value = ""; VariantName = "[No Variations]"
Added Component: Designator=C6(CAP 0402_1005)
Add component (AddParameter): Name = "Applications"; Value = "Automotive"; VariantName = "[No Variations]"
Add component (AddParameter): Name = "Case/Package"; Value = "0402 (1005 Metric)"; VariantName = "[No Variations]"
Add component (AddParameter): Name = "ComponentLink1Description"; Value = "Datasheet"; VariantName = "[No Variations]"
Add component (AddParameter): Name = "ComponentLink1URL"; Value = "http://www.samsungsem.com/kr/support/product-search/mlcc/__icsFiles/afieldfile/2018/06/26/CL05Y105KP6VPNC.pdf"; VariantName = "[No Variations]"
Add component (AddParameter): Name = "ComponentLink2Description"; Value = "DigiKey Link"; VariantName = "[No Variations]"
Add component (AddParameter): Name = "ComponentLink2URL"; Value = "https://www.digikey.com/en/products/detail/samsung-electro-mechanics/CL05Y105KP6VPNC/11487815"; VariantName = "[No Variations]"
Add component (AddParameter): Name = "Device Package"; Value = "0402 (1005 Metric)"; VariantName = "[No Variations]"
Add component (AddParameter): Name = "Failure Rate"; Value = ""; VariantName = "[No Variations]"
Add component (AddParameter): Name = "Features"; Value = ""; VariantName = "[No Variations]"
Add component (AddParameter): Name = "Height - Seated (Max)"; Value = ""; VariantName = "[No Variations]"
Add component (AddParameter): Name = "lastupdated"; Value = "2023-09-28 7:03:54 PM"; VariantName = "[No Variations]"
Add component (AddParameter): Name = "Lead Spacing"; Value = ""; VariantName = "[No Variations]"
Add component (AddParameter): Name = "Lead Style"; Value = ""; VariantName = "[No Variations]"
Add component (AddParameter): Name = "Lifecycle Status"; Value = "Active"; VariantName = "[No Variations]"
Add component (AddParameter): Name = "manufacturer"; Value = "Samsung Electro-Mechanics"; VariantName = "[No Variations]"
Add component (AddParameter): Name = "Minimum Order"; Value = "1"; VariantName = "[No Variations]"
Add component (AddParameter): Name = "Mounting Type"; Value = "Surface Mount, MLCC"; VariantName = "[No Variations]"
Add component (AddParameter): Name = "Operating Temperature"; Value = "-55°C ~ 125°C"; VariantName = "[No Variations]"
Add component (AddParameter): Name = "packaging"; Value = "CutTape"; VariantName = "[No Variations]"
Add component (AddParameter): Name = "Part Number"; Value = "CL05Y105KP6VPNC"; VariantName = "[No Variations]"
Add component (AddParameter): Name = "Part Status"; Value = "Active"; VariantName = "[No Variations]"
Add component (AddParameter): Name = "partid"; Value = "40006"; VariantName = "[No Variations]"
Add component (AddParameter): Name = "price"; Value = "0.03"; VariantName = "[No Variations]"
Add component (AddParameter): Name = "Ratings"; Value = "AEC-Q200"; VariantName = "[No Variations]"
Add component (AddParameter): Name = "series"; Value = "CL"; VariantName = "[No Variations]"
Add component (AddParameter): Name = "Size / Dimension"; Value = ""; VariantName = "[No Variations]"
Add component (AddParameter): Name = "Temperature Coefficient"; Value = "X7S"; VariantName = "[No Variations]"
Add component (AddParameter): Name = "Thickness (Max)"; Value = ""; VariantName = "[No Variations]"
Add component (AddParameter): Name = "Tolerance"; Value = "10%"; VariantName = "[No Variations]"
Add component (AddParameter): Name = "type"; Value = ""; VariantName = "[No Variations]"
Add component (AddParameter): Name = "Value"; Value = "DNP"; VariantName = "[No Variations]"
Add component (AddParameter): Name = "Voltage - Rated"; Value = ""; VariantName = "[No Variations]"
Added Component: Designator=C7(CAP 0402_1005)
Add component (AddParameter): Name = "Applications"; Value = "Automotive"; VariantName = "[No Variations]"
Add component (AddParameter): Name = "Case/Package"; Value = "0402 (1005 Metric)"; VariantName = "[No Variations]"
Add component (AddParameter): Name = "ComponentLink1Description"; Value = "Datasheet"; VariantName = "[No Variations]"
Add component (AddParameter): Name = "ComponentLink1URL"; Value = "http://www.samsungsem.com/kr/support/product-search/mlcc/__icsFiles/afieldfile/2018/06/26/CL05Y105KP6VPNC.pdf"; VariantName = "[No Variations]"
Add component (AddParameter): Name = "ComponentLink2Description"; Value = "DigiKey Link"; VariantName = "[No Variations]"
Add component (AddParameter): Name = "ComponentLink2URL"; Value = "https://www.digikey.com/en/products/detail/samsung-electro-mechanics/CL05Y105KP6VPNC/11487815"; VariantName = "[No Variations]"
Add component (AddParameter): Name = "Device Package"; Value = "0402 (1005 Metric)"; VariantName = "[No Variations]"
Add component (AddParameter): Name = "Failure Rate"; Value = ""; VariantName = "[No Variations]"
Add component (AddParameter): Name = "Features"; Value = ""; VariantName = "[No Variations]"
Add component (AddParameter): Name = "Height - Seated (Max)"; Value = ""; VariantName = "[No Variations]"
Add component (AddParameter): Name = "lastupdated"; Value = "2023-09-28 7:03:54 PM"; VariantName = "[No Variations]"
Add component (AddParameter): Name = "Lead Spacing"; Value = ""; VariantName = "[No Variations]"
Add component (AddParameter): Name = "Lead Style"; Value = ""; VariantName = "[No Variations]"
Add component (AddParameter): Name = "Lifecycle Status"; Value = "Active"; VariantName = "[No Variations]"
Add component (AddParameter): Name = "manufacturer"; Value = "Samsung Electro-Mechanics"; VariantName = "[No Variations]"
Add component (AddParameter): Name = "Minimum Order"; Value = "1"; VariantName = "[No Variations]"
Add component (AddParameter): Name = "Mounting Type"; Value = "Surface Mount, MLCC"; VariantName = "[No Variations]"
Add component (AddParameter): Name = "Operating Temperature"; Value = "-55°C ~ 125°C"; VariantName = "[No Variations]"
Add component (AddParameter): Name = "packaging"; Value = "CutTape"; VariantName = "[No Variations]"
Add component (AddParameter): Name = "Part Number"; Value = "CL05Y105KP6VPNC"; VariantName = "[No Variations]"
Add component (AddParameter): Name = "Part Status"; Value = "Active"; VariantName = "[No Variations]"
Add component (AddParameter): Name = "partid"; Value = "40006"; VariantName = "[No Variations]"
Add component (AddParameter): Name = "price"; Value = "0.03"; VariantName = "[No Variations]"
Add component (AddParameter): Name = "Ratings"; Value = "AEC-Q200"; VariantName = "[No Variations]"
Add component (AddParameter): Name = "series"; Value = "CL"; VariantName = "[No Variations]"
Add component (AddParameter): Name = "Size / Dimension"; Value = ""; VariantName = "[No Variations]"
Add component (AddParameter): Name = "Temperature Coefficient"; Value = "X7S"; VariantName = "[No Variations]"
Add component (AddParameter): Name = "Thickness (Max)"; Value = ""; VariantName = "[No Variations]"
Add component (AddParameter): Name = "Tolerance"; Value = "10%"; VariantName = "[No Variations]"
Add component (AddParameter): Name = "type"; Value = ""; VariantName = "[No Variations]"
Add component (AddParameter): Name = "Value"; Value = "DNP"; VariantName = "[No Variations]"
Add component (AddParameter): Name = "Voltage - Rated"; Value = ""; VariantName = "[No Variations]"
Added Component: Designator=D1(LED 0603_1608 RED)
Add component (AddParameter): Name = "Case/Package"; Value = "0603 (1608 Metric)"; VariantName = "[No Variations]"
Add component (AddParameter): Name = "Color"; Value = "Red"; VariantName = "[No Variations]"
Add component (AddParameter): Name = "ComponentLink1Description"; Value = "Datasheet"; VariantName = "[No Variations]"
Add component (AddParameter): Name = "ComponentLink1URL"; Value = "https://everlightamericas.com/index.php?controller=attachment&id_attachment=918"; VariantName = "[No Variations]"
Add component (AddParameter): Name = "ComponentLink2Description"; Value = "DigiKey Link"; VariantName = "[No Variations]"
Add component (AddParameter): Name = "ComponentLink2URL"; Value = "https://www.digikey.com/en/products/detail/everlight-electronics-co-ltd/EAST16084RA0/5142354"; VariantName = "[No Variations]"
Add component (AddParameter): Name = "Configuration"; Value = "Standard"; VariantName = "[No Variations]"
Add component (AddParameter): Name = "Current - Test"; Value = "20mA"; VariantName = "[No Variations]"
Add component (AddParameter): Name = "Device Package"; Value = "0603 (1608 Metric)"; VariantName = "[No Variations]"
Add component (AddParameter): Name = "Features"; Value = ""; VariantName = "[No Variations]"
Add component (AddParameter): Name = "Height (Max)"; Value = "0.50mm"; VariantName = "[No Variations]"
Add component (AddParameter): Name = "LastUpdated"; Value = "2023-09-28 8:20:24 PM"; VariantName = "[No Variations]"
Add component (AddParameter): Name = "Lens Color"; Value = "Colorless"; VariantName = "[No Variations]"
Add component (AddParameter): Name = "Lens Size"; Value = "1.00mm x 0.80mm"; VariantName = "[No Variations]"
Add component (AddParameter): Name = "Lens Style"; Value = "Rectangle with Flat Top"; VariantName = "[No Variations]"
Add component (AddParameter): Name = "Lens Transparency"; Value = "Clear"; VariantName = "[No Variations]"
Add component (AddParameter): Name = "Lifecycle Status"; Value = "Active"; VariantName = "[No Variations]"
Add component (AddParameter): Name = "Manufacturer"; Value = "Everlight Electronics Co Ltd"; VariantName = "[No Variations]"
Add component (AddParameter): Name = "Millicandela Rating"; Value = "79mcd"; VariantName = "[No Variations]"
Add component (AddParameter): Name = "Minimum Order"; Value = "1"; VariantName = "[No Variations]"
Add component (AddParameter): Name = "Mounting Type"; Value = "Surface Mount"; VariantName = "[No Variations]"
Add component (AddParameter): Name = "Packaging"; Value = "TapeAndReel"; VariantName = "[No Variations]"
Add component (AddParameter): Name = "Part Number"; Value = "EAST16084RA0"; VariantName = "[No Variations]"
Add component (AddParameter): Name = "Part Status"; Value = "Active"; VariantName = "[No Variations]"
Add component (AddParameter): Name = "PartId"; Value = "941"; VariantName = "[No Variations]"
Add component (AddParameter): Name = "Price"; Value = "0.03"; VariantName = "[No Variations]"
Add component (AddParameter): Name = "Series"; Value = "-"; VariantName = "[No Variations]"
Add component (AddParameter): Name = "Size / Dimension"; Value = "1.60mm L x 0.80mm W"; VariantName = "[No Variations]"
Add component (AddParameter): Name = "Supplier Device Package"; Value = "2-SMD"; VariantName = "[No Variations]"
Add component (AddParameter): Name = "Type"; Value = ""; VariantName = "[No Variations]"
Add component (AddParameter): Name = "Value"; Value = "Red"; VariantName = "[No Variations]"
Add component (AddParameter): Name = "Viewing Angle"; Value = "120°"; VariantName = "[No Variations]"
Add component (AddParameter): Name = "Voltage - Forward (Vf) (Typ)"; Value = "2V"; VariantName = "[No Variations]"
Add component (AddParameter): Name = "Wavelength - Dominant"; Value = "624nm"; VariantName = "[No Variations]"
Add component (AddParameter): Name = "Wavelength - Peak"; Value = "632nm"; VariantName = "[No Variations]"
Added Component: Designator=D2(0402)
Add component (AddParameter): Name = "Applications"; Value = "USB"; VariantName = "[No Variations]"
Add component (AddParameter): Name = "Bidirectional Channels"; Value = "1"; VariantName = "[No Variations]"
Add component (AddParameter): Name = "Capacitance @ Frequency"; Value = "21pF @ 1MHz (Max)"; VariantName = "[No Variations]"
Add component (AddParameter): Name = "Case/Package"; Value = "0402 (1006 Metric)"; VariantName = "[No Variations]"
Add component (AddParameter): Name = "ComponentLink1Description"; Value = "Datasheet"; VariantName = "[No Variations]"
Add component (AddParameter): Name = "ComponentLink1URL"; Value = "https://www.onsemi.com/pub/Collateral/ESDM3051-D.PDF"; VariantName = "[No Variations]"
Add component (AddParameter): Name = "ComponentLink2Description"; Value = "DigiKey Link"; VariantName = "[No Variations]"
Add component (AddParameter): Name = "ComponentLink2URL"; Value = "http://digikey.com/product-detail/en/on-semiconductor/ESDM3051N2T5G/ESDM3051N2T5GOSCT-ND/8024483"; VariantName = "[No Variations]"
Add component (AddParameter): Name = "Current - Peak Pulse (10/1000µs)"; Value = "8A"; VariantName = "[No Variations]"
Add component (AddParameter): Name = "Device Package"; Value = "0402 (1006 Metric)"; VariantName = "[No Variations]"
Add component (AddParameter): Name = "LastUpdated"; Value = "2023-09-28 8:41:31 PM"; VariantName = "[No Variations]"
Add component (AddParameter): Name = "Lifecycle Status"; Value = "Active"; VariantName = "[No Variations]"
Add component (AddParameter): Name = "Manufacturer"; Value = "ON Semiconductor"; VariantName = "[No Variations]"
Add component (AddParameter): Name = "Minimum Order"; Value = "1"; VariantName = "[No Variations]"
Add component (AddParameter): Name = "Mounting Type"; Value = "Surface Mount"; VariantName = "[No Variations]"
Add component (AddParameter): Name = "Operating Temperature"; Value = "-55°C ~ 150°C (TJ)"; VariantName = "[No Variations]"
Add component (AddParameter): Name = "Packaging"; Value = "TapeAndReel"; VariantName = "[No Variations]"
Add component (AddParameter): Name = "Part Number"; Value = "ESDM3051N2T5G"; VariantName = "[No Variations]"
Add component (AddParameter): Name = "Part Status"; Value = "Active"; VariantName = "[No Variations]"
Add component (AddParameter): Name = "PartId"; Value = "10501"; VariantName = "[No Variations]"
Add component (AddParameter): Name = "Power - Peak Pulse"; Value = ""; VariantName = "[No Variations]"
Add component (AddParameter): Name = "Power Line Protection"; Value = "No"; VariantName = "[No Variations]"
Add component (AddParameter): Name = "Price"; Value = "0.04"; VariantName = "[No Variations]"
Add component (AddParameter): Name = "Series"; Value = "-"; VariantName = "[No Variations]"
Add component (AddParameter): Name = "Supplier Device Package"; Value = "2-X2DFN (1x0.6)"; VariantName = "[No Variations]"
Add component (AddParameter): Name = "Type"; Value = "Zener"; VariantName = "[No Variations]"
Add component (AddParameter): Name = "Unidirectional Channels"; Value = ""; VariantName = "[No Variations]"
Add component (AddParameter): Name = "Value"; Value = ""; VariantName = "[No Variations]"
Add component (AddParameter): Name = "Voltage - Breakdown (Min)"; Value = "5.1V"; VariantName = "[No Variations]"
Add component (AddParameter): Name = "Voltage - Clamping (Max) @ Ipp"; Value = "8.2V"; VariantName = "[No Variations]"
Add component (AddParameter): Name = "Voltage - Reverse Standoff (Typ)"; Value = "5V (Max)"; VariantName = "[No Variations]"
Added Component: Designator=D3(0402)
Add component (AddParameter): Name = "Applications"; Value = "USB"; VariantName = "[No Variations]"
Add component (AddParameter): Name = "Bidirectional Channels"; Value = "1"; VariantName = "[No Variations]"
Add component (AddParameter): Name = "Capacitance @ Frequency"; Value = "21pF @ 1MHz (Max)"; VariantName = "[No Variations]"
Add component (AddParameter): Name = "Case/Package"; Value = "0402 (1006 Metric)"; VariantName = "[No Variations]"
Add component (AddParameter): Name = "ComponentLink1Description"; Value = "Datasheet"; VariantName = "[No Variations]"
Add component (AddParameter): Name = "ComponentLink1URL"; Value = "https://www.onsemi.com/pub/Collateral/ESDM3051-D.PDF"; VariantName = "[No Variations]"
Add component (AddParameter): Name = "ComponentLink2Description"; Value = "DigiKey Link"; VariantName = "[No Variations]"
Add component (AddParameter): Name = "ComponentLink2URL"; Value = "http://digikey.com/product-detail/en/on-semiconductor/ESDM3051N2T5G/ESDM3051N2T5GOSCT-ND/8024483"; VariantName = "[No Variations]"
Add component (AddParameter): Name = "Current - Peak Pulse (10/1000µs)"; Value = "8A"; VariantName = "[No Variations]"
Add component (AddParameter): Name = "Device Package"; Value = "0402 (1006 Metric)"; VariantName = "[No Variations]"
Add component (AddParameter): Name = "LastUpdated"; Value = "2023-09-28 8:41:31 PM"; VariantName = "[No Variations]"
Add component (AddParameter): Name = "Lifecycle Status"; Value = "Active"; VariantName = "[No Variations]"
Add component (AddParameter): Name = "Manufacturer"; Value = "ON Semiconductor"; VariantName = "[No Variations]"
Add component (AddParameter): Name = "Minimum Order"; Value = "1"; VariantName = "[No Variations]"
Add component (AddParameter): Name = "Mounting Type"; Value = "Surface Mount"; VariantName = "[No Variations]"
Add component (AddParameter): Name = "Operating Temperature"; Value = "-55°C ~ 150°C (TJ)"; VariantName = "[No Variations]"
Add component (AddParameter): Name = "Packaging"; Value = "TapeAndReel"; VariantName = "[No Variations]"
Add component (AddParameter): Name = "Part Number"; Value = "ESDM3051N2T5G"; VariantName = "[No Variations]"
Add component (AddParameter): Name = "Part Status"; Value = "Active"; VariantName = "[No Variations]"
Add component (AddParameter): Name = "PartId"; Value = "10501"; VariantName = "[No Variations]"
Add component (AddParameter): Name = "Power - Peak Pulse"; Value = ""; VariantName = "[No Variations]"
Add component (AddParameter): Name = "Power Line Protection"; Value = "No"; VariantName = "[No Variations]"
Add component (AddParameter): Name = "Price"; Value = "0.04"; VariantName = "[No Variations]"
Add component (AddParameter): Name = "Series"; Value = "-"; VariantName = "[No Variations]"
Add component (AddParameter): Name = "Supplier Device Package"; Value = "2-X2DFN (1x0.6)"; VariantName = "[No Variations]"
Add component (AddParameter): Name = "Type"; Value = "Zener"; VariantName = "[No Variations]"
Add component (AddParameter): Name = "Unidirectional Channels"; Value = ""; VariantName = "[No Variations]"
Add component (AddParameter): Name = "Value"; Value = ""; VariantName = "[No Variations]"
Add component (AddParameter): Name = "Voltage - Breakdown (Min)"; Value = "5.1V"; VariantName = "[No Variations]"
Add component (AddParameter): Name = "Voltage - Clamping (Max) @ Ipp"; Value = "8.2V"; VariantName = "[No Variations]"
Add component (AddParameter): Name = "Voltage - Reverse Standoff (Typ)"; Value = "5V (Max)"; VariantName = "[No Variations]"
Added Component: Designator=D4(0402)
Add component (AddParameter): Name = "Applications"; Value = "USB"; VariantName = "[No Variations]"
Add component (AddParameter): Name = "Bidirectional Channels"; Value = "1"; VariantName = "[No Variations]"
Add component (AddParameter): Name = "Capacitance @ Frequency"; Value = "21pF @ 1MHz (Max)"; VariantName = "[No Variations]"
Add component (AddParameter): Name = "Case/Package"; Value = "0402 (1006 Metric)"; VariantName = "[No Variations]"
Add component (AddParameter): Name = "ComponentLink1Description"; Value = "Datasheet"; VariantName = "[No Variations]"
Add component (AddParameter): Name = "ComponentLink1URL"; Value = "https://www.onsemi.com/pub/Collateral/ESDM3051-D.PDF"; VariantName = "[No Variations]"
Add component (AddParameter): Name = "ComponentLink2Description"; Value = "DigiKey Link"; VariantName = "[No Variations]"
Add component (AddParameter): Name = "ComponentLink2URL"; Value = "http://digikey.com/product-detail/en/on-semiconductor/ESDM3051N2T5G/ESDM3051N2T5GOSCT-ND/8024483"; VariantName = "[No Variations]"
Add component (AddParameter): Name = "Current - Peak Pulse (10/1000µs)"; Value = "8A"; VariantName = "[No Variations]"
Add component (AddParameter): Name = "Device Package"; Value = "0402 (1006 Metric)"; VariantName = "[No Variations]"
Add component (AddParameter): Name = "LastUpdated"; Value = "2023-09-28 8:41:31 PM"; VariantName = "[No Variations]"
Add component (AddParameter): Name = "Lifecycle Status"; Value = "Active"; VariantName = "[No Variations]"
Add component (AddParameter): Name = "Manufacturer"; Value = "ON Semiconductor"; VariantName = "[No Variations]"
Add component (AddParameter): Name = "Minimum Order"; Value = "1"; VariantName = "[No Variations]"
Add component (AddParameter): Name = "Mounting Type"; Value = "Surface Mount"; VariantName = "[No Variations]"
Add component (AddParameter): Name = "Operating Temperature"; Value = "-55°C ~ 150°C (TJ)"; VariantName = "[No Variations]"
Add component (AddParameter): Name = "Packaging"; Value = "TapeAndReel"; VariantName = "[No Variations]"
Add component (AddParameter): Name = "Part Number"; Value = "ESDM3051N2T5G"; VariantName = "[No Variations]"
Add component (AddParameter): Name = "Part Status"; Value = "Active"; VariantName = "[No Variations]"
Add component (AddParameter): Name = "PartId"; Value = "10501"; VariantName = "[No Variations]"
Add component (AddParameter): Name = "Power - Peak Pulse"; Value = ""; VariantName = "[No Variations]"
Add component (AddParameter): Name = "Power Line Protection"; Value = "No"; VariantName = "[No Variations]"
Add component (AddParameter): Name = "Price"; Value = "0.04"; VariantName = "[No Variations]"
Add component (AddParameter): Name = "Series"; Value = "-"; VariantName = "[No Variations]"
Add component (AddParameter): Name = "Supplier Device Package"; Value = "2-X2DFN (1x0.6)"; VariantName = "[No Variations]"
Add component (AddParameter): Name = "Type"; Value = "Zener"; VariantName = "[No Variations]"
Add component (AddParameter): Name = "Unidirectional Channels"; Value = ""; VariantName = "[No Variations]"
Add component (AddParameter): Name = "Value"; Value = ""; VariantName = "[No Variations]"
Add component (AddParameter): Name = "Voltage - Breakdown (Min)"; Value = "5.1V"; VariantName = "[No Variations]"
Add component (AddParameter): Name = "Voltage - Clamping (Max) @ Ipp"; Value = "8.2V"; VariantName = "[No Variations]"
Add component (AddParameter): Name = "Voltage - Reverse Standoff (Typ)"; Value = "5V (Max)"; VariantName = "[No Variations]"
Added Component: Designator=IC1(SILICON LABS QFN-28 5x5MM)
Add component (AddParameter): Name = "Case/Package"; Value = "28-WFQFN Exposed Pad"; VariantName = "[No Variations]"
Add component (AddParameter): Name = "ComponentLink1Description"; Value = "Datasheet"; VariantName = "[No Variations]"
Add component (AddParameter): Name = "ComponentLink1URL"; Value = "https://www.silabs.com/documents/public/data-sheets/cp2102n-datasheet.pdf"; VariantName = "[No Variations]"
Add component (AddParameter): Name = "ComponentLink2Description"; Value = "DigiKey Link"; VariantName = "[No Variations]"
Add component (AddParameter): Name = "ComponentLink2URL"; Value = "http://digikey.com/product-detail/en/silicon-labs/CP2102N-A02-GQFN28R/336-5890-1-ND/9863483"; VariantName = "[No Variations]"
Add component (AddParameter): Name = "Current - Supply"; Value = "9.5mA"; VariantName = "[No Variations]"
Add component (AddParameter): Name = "Device Package"; Value = ""; VariantName = "[No Variations]"
Add component (AddParameter): Name = "Function"; Value = "Bridge, USB to UART"; VariantName = "[No Variations]"
Add component (AddParameter): Name = "Interface"; Value = "UART"; VariantName = "[No Variations]"
Add component (AddParameter): Name = "LastUpdated"; Value = "2020-07-31 4:26:30 PM"; VariantName = "[No Variations]"
Add component (AddParameter): Name = "Lifecycle Status"; Value = "Active"; VariantName = "[No Variations]"
Add component (AddParameter): Name = "Manufacturer"; Value = "Silicon Labs"; VariantName = "[No Variations]"
Add component (AddParameter): Name = "Minimum Order"; Value = "1"; VariantName = "[No Variations]"
Add component (AddParameter): Name = "Operating Temperature"; Value = "-40°C ~ 85°C (TA)"; VariantName = "[No Variations]"
Add component (AddParameter): Name = "Packaging"; Value = "TapeAndReel"; VariantName = "[No Variations]"
Add component (AddParameter): Name = "Part Number"; Value = "CP2102N-A02-GQFN28R"; VariantName = "[No Variations]"
Add component (AddParameter): Name = "Part Status"; Value = "Active"; VariantName = "[No Variations]"
Add component (AddParameter): Name = "Price"; Value = "1.23"; VariantName = "[No Variations]"
Add component (AddParameter): Name = "Protocol"; Value = "USB"; VariantName = "[No Variations]"
Add component (AddParameter): Name = "Series"; Value = "USBXpress™"; VariantName = "[No Variations]"
Add component (AddParameter): Name = "Standards"; Value = "USB 2.0"; VariantName = "[No Variations]"
Add component (AddParameter): Name = "Supplier Device Package"; Value = "28-QFN (5x5)"; VariantName = "[No Variations]"
Add component (AddParameter): Name = "Type"; Value = ""; VariantName = "[No Variations]"
Add component (AddParameter): Name = "Value"; Value = ""; VariantName = "[No Variations]"
Add component (AddParameter): Name = "Voltage - Supply"; Value = "3V ~ 3.6V"; VariantName = "[No Variations]"
Added Component: Designator=J1(Molex 1054500101)
Add component (AddParameter): Name = "ComponentLink1Description"; Value = "Datasheet"; VariantName = "[No Variations]"
Add component (AddParameter): Name = "ComponentLink1URL"; Value = "https://www.molex.com/pdm_docs/ps/PS-105448-001.pdf"; VariantName = "[No Variations]"
Add component (AddParameter): Name = "ComponentLink2Description"; Value = "DigiKey Link"; VariantName = "[No Variations]"
Add component (AddParameter): Name = "ComponentLink2URL"; Value = "http://digikey.com/product-detail/en/molex/1054500101/WM12856CT-ND/5843891"; VariantName = "[No Variations]"
Add component (AddParameter): Name = "Connector Type"; Value = "USB - C (Type - C)"; VariantName = "[No Variations]"
Add component (AddParameter): Name = "Current Rating (Amps)"; Value = "0.25A, 1A, 5A"; VariantName = "[No Variations]"
Add component (AddParameter): Name = "Device Package"; Value = ""; VariantName = "[No Variations]"
Add component (AddParameter): Name = "Features"; Value = ""; VariantName = "[No Variations]"
Add component (AddParameter): Name = "Gender"; Value = "Receptacle"; VariantName = "[No Variations]"
Add component (AddParameter): Name = "Ingress Protection"; Value = ""; VariantName = "[No Variations]"
Add component (AddParameter): Name = "LastUpdated"; Value = "2020-06-06 2:14:04 AM"; VariantName = "[No Variations]"
Add component (AddParameter): Name = "Lifecycle Status"; Value = "Active"; VariantName = "[No Variations]"
Add component (AddParameter): Name = "Manufacturer"; Value = "Molex"; VariantName = "[No Variations]"
Add component (AddParameter): Name = "Mating Cycles"; Value = "10000"; VariantName = "[No Variations]"
Add component (AddParameter): Name = "Minimum Order"; Value = "1"; VariantName = "[No Variations]"
Add component (AddParameter): Name = "Mounting Feature"; Value = "Horizontal"; VariantName = "[No Variations]"
Add component (AddParameter): Name = "Mounting Type"; Value = "Surface Mount, Right Angle; Through Hole"; VariantName = "[No Variations]"
Add component (AddParameter): Name = "Number of Contacts"; Value = "24"; VariantName = "[No Variations]"
Add component (AddParameter): Name = "Number of Ports"; Value = "1"; VariantName = "[No Variations]"
Add component (AddParameter): Name = "Operating Temperature"; Value = "-30°C ~ 85°C"; VariantName = "[No Variations]"
Add component (AddParameter): Name = "Packaging"; Value = "TapeAndReel"; VariantName = "[No Variations]"
Add component (AddParameter): Name = "Part Number"; Value = "1054500101"; VariantName = "[No Variations]"
Add component (AddParameter): Name = "Part Status"; Value = "Active"; VariantName = "[No Variations]"
Add component (AddParameter): Name = "Price"; Value = "1.22"; VariantName = "[No Variations]"
Add component (AddParameter): Name = "Series"; Value = "105445"; VariantName = "[No Variations]"
Add component (AddParameter): Name = "Shielding"; Value = "Shielded"; VariantName = "[No Variations]"
Add component (AddParameter): Name = "Specifications"; Value = "USB 3.1 (USB 3.1 Gen 2, Superspeed+)"; VariantName = "[No Variations]"
Add component (AddParameter): Name = "Termination"; Value = "Solder"; VariantName = "[No Variations]"
Add component (AddParameter): Name = "Type"; Value = ""; VariantName = "[No Variations]"
Add component (AddParameter): Name = "Value"; Value = ""; VariantName = "[No Variations]"
Add component (AddParameter): Name = "Voltage - Rated"; Value = "30VAC/DC"; VariantName = "[No Variations]"
Added Component: Designator=Q1(ON SEMI SOT-23-3)
Add component (AddParameter): Name = "Case/Package"; Value = "TO-236-3, SC-59, SOT-23-3"; VariantName = "[No Variations]"
Add component (AddParameter): Name = "ComponentLink1Description"; Value = "Datasheet"; VariantName = "[No Variations]"
Add component (AddParameter): Name = "ComponentLink1URL"; Value = "http://www.onsemi.com/pub/Collateral/BCW65ALT1-D.PDF"; VariantName = "[No Variations]"
Add component (AddParameter): Name = "ComponentLink2Description"; Value = "DigiKey Link"; VariantName = "[No Variations]"
Add component (AddParameter): Name = "ComponentLink2URL"; Value = "http://digikey.com/product-detail/en/on-semiconductor/BCW65ALT1G/BCW65ALT1GOSCT-ND/2120559"; VariantName = "[No Variations]"
Add component (AddParameter): Name = "Current - Collector (Ic) (Max)"; Value = "800mA"; VariantName = "[No Variations]"
Add component (AddParameter): Name = "Current - Collector Cutoff (Max)"; Value = "20nA"; VariantName = "[No Variations]"
Add component (AddParameter): Name = "DC Current Gain (hFE) (Min) @ Ic, Vce"; Value = "100 @ 100mA, 1V"; VariantName = "[No Variations]"
Add component (AddParameter): Name = "Device Package"; Value = ""; VariantName = "[No Variations]"
Add component (AddParameter): Name = "Frequency - Transition"; Value = "100MHz"; VariantName = "[No Variations]"
Add component (AddParameter): Name = "LastUpdated"; Value = "2023-09-28 8:42:30 PM"; VariantName = "[No Variations]"
Add component (AddParameter): Name = "Lifecycle Status"; Value = "Active"; VariantName = "[No Variations]"
Add component (AddParameter): Name = "Manufacturer"; Value = "ON Semiconductor"; VariantName = "[No Variations]"
Add component (AddParameter): Name = "Minimum Order"; Value = "1"; VariantName = "[No Variations]"
Add component (AddParameter): Name = "Mounting Type"; Value = "Surface Mount"; VariantName = "[No Variations]"
Add component (AddParameter): Name = "Operating Temperature"; Value = "-55°C ~ 150°C (TJ)"; VariantName = "[No Variations]"
Add component (AddParameter): Name = "Packaging"; Value = "TapeAndReel"; VariantName = "[No Variations]"
Add component (AddParameter): Name = "Part Number"; Value = "BCW65ALT1G"; VariantName = "[No Variations]"
Add component (AddParameter): Name = "Part Status"; Value = "Active"; VariantName = "[No Variations]"
Add component (AddParameter): Name = "PartId"; Value = "184"; VariantName = "[No Variations]"
Add component (AddParameter): Name = "Power - Max"; Value = "225mW"; VariantName = "[No Variations]"
Add component (AddParameter): Name = "Price"; Value = "0.03"; VariantName = "[No Variations]"
Add component (AddParameter): Name = "Series"; Value = "-"; VariantName = "[No Variations]"
Add component (AddParameter): Name = "Supplier Device Package"; Value = "SOT-23-3 (TO-236)"; VariantName = "[No Variations]"
Add component (AddParameter): Name = "Transistor Type"; Value = "NPN"; VariantName = "[No Variations]"
Add component (AddParameter): Name = "Type"; Value = ""; VariantName = "[No Variations]"
Add component (AddParameter): Name = "Value"; Value = ""; VariantName = "[No Variations]"
Add component (AddParameter): Name = "Vce Saturation (Max) @ Ib, Ic"; Value = "700mV @ 50mA, 500mA"; VariantName = "[No Variations]"
Add component (AddParameter): Name = "Voltage - Collector Emitter Breakdown (Max)"; Value = "32V"; VariantName = "[No Variations]"
Added Component: Designator=Q2(ON SEMI SOT-23-3)
Add component (AddParameter): Name = "Case/Package"; Value = "TO-236-3, SC-59, SOT-23-3"; VariantName = "[No Variations]"
Add component (AddParameter): Name = "ComponentLink1Description"; Value = "Datasheet"; VariantName = "[No Variations]"
Add component (AddParameter): Name = "ComponentLink1URL"; Value = "http://www.onsemi.com/pub/Collateral/BCW65ALT1-D.PDF"; VariantName = "[No Variations]"
Add component (AddParameter): Name = "ComponentLink2Description"; Value = "DigiKey Link"; VariantName = "[No Variations]"
Add component (AddParameter): Name = "ComponentLink2URL"; Value = "http://digikey.com/product-detail/en/on-semiconductor/BCW65ALT1G/BCW65ALT1GOSCT-ND/2120559"; VariantName = "[No Variations]"
Add component (AddParameter): Name = "Current - Collector (Ic) (Max)"; Value = "800mA"; VariantName = "[No Variations]"
Add component (AddParameter): Name = "Current - Collector Cutoff (Max)"; Value = "20nA"; VariantName = "[No Variations]"
Add component (AddParameter): Name = "DC Current Gain (hFE) (Min) @ Ic, Vce"; Value = "100 @ 100mA, 1V"; VariantName = "[No Variations]"
Add component (AddParameter): Name = "Device Package"; Value = ""; VariantName = "[No Variations]"
Add component (AddParameter): Name = "Frequency - Transition"; Value = "100MHz"; VariantName = "[No Variations]"
Add component (AddParameter): Name = "LastUpdated"; Value = "2023-09-28 8:42:30 PM"; VariantName = "[No Variations]"
Add component (AddParameter): Name = "Lifecycle Status"; Value = "Active"; VariantName = "[No Variations]"
Add component (AddParameter): Name = "Manufacturer"; Value = "ON Semiconductor"; VariantName = "[No Variations]"
Add component (AddParameter): Name = "Minimum Order"; Value = "1"; VariantName = "[No Variations]"
Add component (AddParameter): Name = "Mounting Type"; Value = "Surface Mount"; VariantName = "[No Variations]"
Add component (AddParameter): Name = "Operating Temperature"; Value = "-55°C ~ 150°C (TJ)"; VariantName = "[No Variations]"
Add component (AddParameter): Name = "Packaging"; Value = "TapeAndReel"; VariantName = "[No Variations]"
Add component (AddParameter): Name = "Part Number"; Value = "BCW65ALT1G"; VariantName = "[No Variations]"
Add component (AddParameter): Name = "Part Status"; Value = "Active"; VariantName = "[No Variations]"
Add component (AddParameter): Name = "PartId"; Value = "184"; VariantName = "[No Variations]"
Add component (AddParameter): Name = "Power - Max"; Value = "225mW"; VariantName = "[No Variations]"
Add component (AddParameter): Name = "Price"; Value = "0.03"; VariantName = "[No Variations]"
Add component (AddParameter): Name = "Series"; Value = "-"; VariantName = "[No Variations]"
Add component (AddParameter): Name = "Supplier Device Package"; Value = "SOT-23-3 (TO-236)"; VariantName = "[No Variations]"
Add component (AddParameter): Name = "Transistor Type"; Value = "NPN"; VariantName = "[No Variations]"
Add component (AddParameter): Name = "Type"; Value = ""; VariantName = "[No Variations]"
Add component (AddParameter): Name = "Value"; Value = ""; VariantName = "[No Variations]"
Add component (AddParameter): Name = "Vce Saturation (Max) @ Ib, Ic"; Value = "700mV @ 50mA, 500mA"; VariantName = "[No Variations]"
Add component (AddParameter): Name = "Voltage - Collector Emitter Breakdown (Max)"; Value = "32V"; VariantName = "[No Variations]"
Added Component: Designator=R1(RESC0402(1005)_L)
Add component (AddParameter): Name = "Case/Package"; Value = "0402"; VariantName = "[No Variations]"
Add component (AddParameter): Name = "Max Operating Temperature"; Value = ""; VariantName = "[No Variations]"
Add component (AddParameter): Name = "Min Operating Temperature"; Value = ""; VariantName = "[No Variations]"
Add component (AddParameter): Name = "Mounting Technology"; Value = "SMT"; VariantName = "[No Variations]"
Add component (AddParameter): Name = "Pins"; Value = "2"; VariantName = "[No Variations]"
Add component (AddParameter): Name = "Power"; Value = "63mW"; VariantName = "[No Variations]"
Add component (AddParameter): Name = "RoHS Compliant"; Value = ""; VariantName = "[No Variations]"
Add component (AddParameter): Name = "Tolerance"; Value = "5%"; VariantName = "[No Variations]"
Add component (AddParameter): Name = "Value"; Value = "9.1k"; VariantName = "[No Variations]"
Add component (AddParameter): Name = "Voltage Rating"; Value = ""; VariantName = "[No Variations]"
Added Component: Designator=R2(RESC0402(1005)_L)
Add component (AddParameter): Name = "Case/Package"; Value = "0402"; VariantName = "[No Variations]"
Add component (AddParameter): Name = "Max Operating Temperature"; Value = ""; VariantName = "[No Variations]"
Add component (AddParameter): Name = "Min Operating Temperature"; Value = ""; VariantName = "[No Variations]"
Add component (AddParameter): Name = "Mounting Technology"; Value = "SMT"; VariantName = "[No Variations]"
Add component (AddParameter): Name = "Pins"; Value = "2"; VariantName = "[No Variations]"
Add component (AddParameter): Name = "Power"; Value = "63mW"; VariantName = "[No Variations]"
Add component (AddParameter): Name = "RoHS Compliant"; Value = ""; VariantName = "[No Variations]"
Add component (AddParameter): Name = "Tolerance"; Value = "5%"; VariantName = "[No Variations]"
Add component (AddParameter): Name = "Value"; Value = "9.1k"; VariantName = "[No Variations]"
Add component (AddParameter): Name = "Voltage Rating"; Value = ""; VariantName = "[No Variations]"
Added Component: Designator=R3(RESC0402(1005)_L)
Add component (AddParameter): Name = "Case/Package"; Value = "0402"; VariantName = "[No Variations]"
Add component (AddParameter): Name = "Max Operating Temperature"; Value = "155°C"; VariantName = "[No Variations]"
Add component (AddParameter): Name = "Min Operating Temperature"; Value = "-55°C"; VariantName = "[No Variations]"
Add component (AddParameter): Name = "Mounting Technology"; Value = ""; VariantName = "[No Variations]"
Add component (AddParameter): Name = "Pins"; Value = "2"; VariantName = "[No Variations]"
Add component (AddParameter): Name = "Power"; Value = "63mW"; VariantName = "[No Variations]"
Add component (AddParameter): Name = "RoHS Compliant"; Value = ""; VariantName = "[No Variations]"
Add component (AddParameter): Name = "Tolerance"; Value = "1%"; VariantName = "[No Variations]"
Add component (AddParameter): Name = "Value"; Value = "22k1"; VariantName = "[No Variations]"
Add component (AddParameter): Name = "Voltage Rating"; Value = ""; VariantName = "[No Variations]"
Added Component: Designator=R4(RESC1005X40X25ML05T10)
Add component (AddParameter): Name = "Case/Package"; Value = "0402"; VariantName = "[No Variations]"
Add component (AddParameter): Name = "Max Operating Temperature"; Value = "155°C"; VariantName = "[No Variations]"
Add component (AddParameter): Name = "Min Operating Temperature"; Value = "-55°C"; VariantName = "[No Variations]"
Add component (AddParameter): Name = "Mounting Technology"; Value = "SM"; VariantName = "[No Variations]"
Add component (AddParameter): Name = "Pins"; Value = "2"; VariantName = "[No Variations]"
Add component (AddParameter): Name = "Power"; Value = "63mW"; VariantName = "[No Variations]"
Add component (AddParameter): Name = "RoHS Compliant"; Value = "True"; VariantName = "[No Variations]"
Add component (AddParameter): Name = "Tolerance"; Value = ""; VariantName = "[No Variations]"
Add component (AddParameter): Name = "Value"; Value = "0"; VariantName = "[No Variations]"
Add component (AddParameter): Name = "Voltage Rating"; Value = "50V"; VariantName = "[No Variations]"
Added Component: Designator=R5(RESC0402(1005)_L)
Add component (AddParameter): Name = "Case/Package"; Value = "0402"; VariantName = "[No Variations]"
Add component (AddParameter): Name = "Max Operating Temperature"; Value = "155°C"; VariantName = "[No Variations]"
Add component (AddParameter): Name = "Min Operating Temperature"; Value = "-55°C"; VariantName = "[No Variations]"
Add component (AddParameter): Name = "Mounting Technology"; Value = ""; VariantName = "[No Variations]"
Add component (AddParameter): Name = "Pins"; Value = "2"; VariantName = "[No Variations]"
Add component (AddParameter): Name = "Power"; Value = "63mW"; VariantName = "[No Variations]"
Add component (AddParameter): Name = "RoHS Compliant"; Value = ""; VariantName = "[No Variations]"
Add component (AddParameter): Name = "Tolerance"; Value = "1%"; VariantName = "[No Variations]"
Add component (AddParameter): Name = "Value"; Value = "47.5k"; VariantName = "[No Variations]"
Add component (AddParameter): Name = "Voltage Rating"; Value = ""; VariantName = "[No Variations]"
Added Component: Designator=R6(RESC0402(1005)_L)
Add component (AddParameter): Name = "Case/Package"; Value = "0402"; VariantName = "[No Variations]"
Add component (AddParameter): Name = "Max Operating Temperature"; Value = ""; VariantName = "[No Variations]"
Add component (AddParameter): Name = "Min Operating Temperature"; Value = ""; VariantName = "[No Variations]"
Add component (AddParameter): Name = "Mounting Technology"; Value = "SMT"; VariantName = "[No Variations]"
Add component (AddParameter): Name = "Pins"; Value = "2"; VariantName = "[No Variations]"
Add component (AddParameter): Name = "Power"; Value = "63mW"; VariantName = "[No Variations]"
Add component (AddParameter): Name = "RoHS Compliant"; Value = ""; VariantName = "[No Variations]"
Add component (AddParameter): Name = "Tolerance"; Value = "5%"; VariantName = "[No Variations]"
Add component (AddParameter): Name = "Value"; Value = "9.1k"; VariantName = "[No Variations]"
Add component (AddParameter): Name = "Voltage Rating"; Value = ""; VariantName = "[No Variations]"
Added Component: Designator=R7(RESC0402(1005)_L)
Add component (AddParameter): Name = "Case/Package"; Value = "0402"; VariantName = "[No Variations]"
Add component (AddParameter): Name = "Max Operating Temperature"; Value = ""; VariantName = "[No Variations]"
Add component (AddParameter): Name = "Min Operating Temperature"; Value = ""; VariantName = "[No Variations]"
Add component (AddParameter): Name = "Mounting Technology"; Value = "SMT"; VariantName = "[No Variations]"
Add component (AddParameter): Name = "Pins"; Value = "2"; VariantName = "[No Variations]"
Add component (AddParameter): Name = "Power"; Value = "63mW"; VariantName = "[No Variations]"
Add component (AddParameter): Name = "RoHS Compliant"; Value = ""; VariantName = "[No Variations]"
Add component (AddParameter): Name = "Tolerance"; Value = "5%"; VariantName = "[No Variations]"
Add component (AddParameter): Name = "Value"; Value = "9.1k"; VariantName = "[No Variations]"
Add component (AddParameter): Name = "Voltage Rating"; Value = ""; VariantName = "[No Variations]"
Added Component: Designator=R8(RESC0402(1005)_L)
Add component (AddParameter): Name = "Case/Package"; Value = "0402"; VariantName = "[No Variations]"
Add component (AddParameter): Name = "Max Operating Temperature"; Value = ""; VariantName = "[No Variations]"
Add component (AddParameter): Name = "Min Operating Temperature"; Value = ""; VariantName = "[No Variations]"
Add component (AddParameter): Name = "Mounting Technology"; Value = "SMT"; VariantName = "[No Variations]"
Add component (AddParameter): Name = "Pins"; Value = "2"; VariantName = "[No Variations]"
Add component (AddParameter): Name = "Power"; Value = "63mW"; VariantName = "[No Variations]"
Add component (AddParameter): Name = "RoHS Compliant"; Value = ""; VariantName = "[No Variations]"
Add component (AddParameter): Name = "Tolerance"; Value = "5%"; VariantName = "[No Variations]"
Add component (AddParameter): Name = "Value"; Value = "1k"; VariantName = "[No Variations]"
Add component (AddParameter): Name = "Voltage Rating"; Value = ""; VariantName = "[No Variations]"
Added Component: Designator=R9(RESC0402(1005)_L)
Add component (AddParameter): Name = "Case/Package"; Value = "0402"; VariantName = "[No Variations]"
Add component (AddParameter): Name = "Max Operating Temperature"; Value = "155°C"; VariantName = "[No Variations]"
Add component (AddParameter): Name = "Min Operating Temperature"; Value = "-55°C"; VariantName = "[No Variations]"
Add component (AddParameter): Name = "Mounting Technology"; Value = ""; VariantName = "[No Variations]"
Add component (AddParameter): Name = "Pins"; Value = "2"; VariantName = "[No Variations]"
Add component (AddParameter): Name = "Power"; Value = "63mW"; VariantName = "[No Variations]"
Add component (AddParameter): Name = "RoHS Compliant"; Value = ""; VariantName = "[No Variations]"
Add component (AddParameter): Name = "Tolerance"; Value = "1%"; VariantName = "[No Variations]"
Add component (AddParameter): Name = "Value"; Value = "DNP"; VariantName = "[No Variations]"
Add component (AddParameter): Name = "Voltage Rating"; Value = ""; VariantName = "[No Variations]"
Added Component: Designator=R10(RESC1005X40X25ML05T10)
Add component (AddParameter): Name = "Case/Package"; Value = "0402"; VariantName = "[No Variations]"
Add component (AddParameter): Name = "Max Operating Temperature"; Value = "155°C"; VariantName = "[No Variations]"
Add component (AddParameter): Name = "Min Operating Temperature"; Value = "-55°C"; VariantName = "[No Variations]"
Add component (AddParameter): Name = "Mounting Technology"; Value = "SM"; VariantName = "[No Variations]"
Add component (AddParameter): Name = "Pins"; Value = "2"; VariantName = "[No Variations]"
Add component (AddParameter): Name = "Power"; Value = "63mW"; VariantName = "[No Variations]"
Add component (AddParameter): Name = "RoHS Compliant"; Value = "True"; VariantName = "[No Variations]"
Add component (AddParameter): Name = "Tolerance"; Value = ""; VariantName = "[No Variations]"
Add component (AddParameter): Name = "Value"; Value = "0"; VariantName = "[No Variations]"
Add component (AddParameter): Name = "Voltage Rating"; Value = "50V"; VariantName = "[No Variations]"
Added Component: Designator=S5(C&K PTS810)
Add component (AddParameter): Name = "Actuator Height off PCB, Vertical"; Value = "2.50mm"; VariantName = "[No Variations]"
Add component (AddParameter): Name = "Actuator Length, Right Angle"; Value = ""; VariantName = "[No Variations]"
Add component (AddParameter): Name = "Actuator Orientation"; Value = "Top Actuated"; VariantName = "[No Variations]"
Add component (AddParameter): Name = "Actuator Type"; Value = "Oval Button"; VariantName = "[No Variations]"
Add component (AddParameter): Name = "Circuit"; Value = "SPST-NO"; VariantName = "[No Variations]"
Add component (AddParameter): Name = "ComponentLink1Description"; Value = "Datasheet"; VariantName = "[No Variations]"
Add component (AddParameter): Name = "ComponentLink1URL"; Value = "https://dznh3ojzb2azq.cloudfront.net/products/Tactile/PTS810/documents/datasheet.pdf"; VariantName = "[No Variations]"
Add component (AddParameter): Name = "ComponentLink2Description"; Value = "DigiKey Link"; VariantName = "[No Variations]"
Add component (AddParameter): Name = "ComponentLink2URL"; Value = "http://digikey.com/product-detail/en/c-k/PTS810-SJM-250-SMTR-LFS/CKN10502CT-ND/4176673"; VariantName = "[No Variations]"
Add component (AddParameter): Name = "Contact Rating @ Voltage"; Value = "0.05A @ 16VDC"; VariantName = "[No Variations]"
Add component (AddParameter): Name = "Device Package"; Value = ""; VariantName = "[No Variations]"
Add component (AddParameter): Name = "Features"; Value = ""; VariantName = "[No Variations]"
Add component (AddParameter): Name = "Illumination"; Value = "Non-Illuminated"; VariantName = "[No Variations]"
Add component (AddParameter): Name = "Illumination Type, Color"; Value = ""; VariantName = "[No Variations]"
Add component (AddParameter): Name = "Illumination Voltage (Nominal)"; Value = ""; VariantName = "[No Variations]"
Add component (AddParameter): Name = "Ingress Protection"; Value = ""; VariantName = "[No Variations]"
Add component (AddParameter): Name = "LastUpdated"; Value = "2020-04-09 10:00:13 AM"; VariantName = "[No Variations]"
Add component (AddParameter): Name = "Lifecycle Status"; Value = "Active"; VariantName = "[No Variations]"
Add component (AddParameter): Name = "Manufacturer"; Value = "C&K"; VariantName = "[No Variations]"
Add component (AddParameter): Name = "Minimum Order"; Value = "1"; VariantName = "[No Variations]"
Add component (AddParameter): Name = "Mounting Type"; Value = "Surface Mount"; VariantName = "[No Variations]"
Add component (AddParameter): Name = "Operating Force"; Value = "160gf"; VariantName = "[No Variations]"
Add component (AddParameter): Name = "Operating Temperature"; Value = "-40°C ~ 85°C"; VariantName = "[No Variations]"
Add component (AddParameter): Name = "Outline"; Value = "4.20mm x 3.20mm"; VariantName = "[No Variations]"
Add component (AddParameter): Name = "Packaging"; Value = "TapeAndReel"; VariantName = "[No Variations]"
Add component (AddParameter): Name = "Part Number"; Value = "PTS810 SJM 250 SMTR LFS"; VariantName = "[No Variations]"
Add component (AddParameter): Name = "Part Status"; Value = "Active"; VariantName = "[No Variations]"
Add component (AddParameter): Name = "Price"; Value = "0.16"; VariantName = "[No Variations]"
Add component (AddParameter): Name = "Series"; Value = "PTS810"; VariantName = "[No Variations]"
Add component (AddParameter): Name = "Switch Function"; Value = "Off-Mom"; VariantName = "[No Variations]"
Add component (AddParameter): Name = "Termination Style"; Value = "J Lead"; VariantName = "[No Variations]"
Add component (AddParameter): Name = "Type"; Value = ""; VariantName = "[No Variations]"
Add component (AddParameter): Name = "Value"; Value = ""; VariantName = "[No Variations]"
Added Component: Designator=S8(C&K PTS810)
Add component (AddParameter): Name = "Actuator Height off PCB, Vertical"; Value = "2.50mm"; VariantName = "[No Variations]"
Add component (AddParameter): Name = "Actuator Length, Right Angle"; Value = ""; VariantName = "[No Variations]"
Add component (AddParameter): Name = "Actuator Orientation"; Value = "Top Actuated"; VariantName = "[No Variations]"
Add component (AddParameter): Name = "Actuator Type"; Value = "Oval Button"; VariantName = "[No Variations]"
Add component (AddParameter): Name = "Circuit"; Value = "SPST-NO"; VariantName = "[No Variations]"
Add component (AddParameter): Name = "ComponentLink1Description"; Value = "Datasheet"; VariantName = "[No Variations]"
Add component (AddParameter): Name = "ComponentLink1URL"; Value = "https://dznh3ojzb2azq.cloudfront.net/products/Tactile/PTS810/documents/datasheet.pdf"; VariantName = "[No Variations]"
Add component (AddParameter): Name = "ComponentLink2Description"; Value = "DigiKey Link"; VariantName = "[No Variations]"
Add component (AddParameter): Name = "ComponentLink2URL"; Value = "http://digikey.com/product-detail/en/c-k/PTS810-SJM-250-SMTR-LFS/CKN10502CT-ND/4176673"; VariantName = "[No Variations]"
Add component (AddParameter): Name = "Contact Rating @ Voltage"; Value = "0.05A @ 16VDC"; VariantName = "[No Variations]"
Add component (AddParameter): Name = "Device Package"; Value = ""; VariantName = "[No Variations]"
Add component (AddParameter): Name = "Features"; Value = ""; VariantName = "[No Variations]"
Add component (AddParameter): Name = "Illumination"; Value = "Non-Illuminated"; VariantName = "[No Variations]"
Add component (AddParameter): Name = "Illumination Type, Color"; Value = ""; VariantName = "[No Variations]"
Add component (AddParameter): Name = "Illumination Voltage (Nominal)"; Value = ""; VariantName = "[No Variations]"
Add component (AddParameter): Name = "Ingress Protection"; Value = ""; VariantName = "[No Variations]"
Add component (AddParameter): Name = "LastUpdated"; Value = "2020-04-09 10:00:13 AM"; VariantName = "[No Variations]"
Add component (AddParameter): Name = "Lifecycle Status"; Value = "Active"; VariantName = "[No Variations]"
Add component (AddParameter): Name = "Manufacturer"; Value = "C&K"; VariantName = "[No Variations]"
Add component (AddParameter): Name = "Minimum Order"; Value = "1"; VariantName = "[No Variations]"
Add component (AddParameter): Name = "Mounting Type"; Value = "Surface Mount"; VariantName = "[No Variations]"
Add component (AddParameter): Name = "Operating Force"; Value = "160gf"; VariantName = "[No Variations]"
Add component (AddParameter): Name = "Operating Temperature"; Value = "-40°C ~ 85°C"; VariantName = "[No Variations]"
Add component (AddParameter): Name = "Outline"; Value = "4.20mm x 3.20mm"; VariantName = "[No Variations]"
Add component (AddParameter): Name = "Packaging"; Value = "TapeAndReel"; VariantName = "[No Variations]"
Add component (AddParameter): Name = "Part Number"; Value = "PTS810 SJM 250 SMTR LFS"; VariantName = "[No Variations]"
Add component (AddParameter): Name = "Part Status"; Value = "Active"; VariantName = "[No Variations]"
Add component (AddParameter): Name = "Price"; Value = "0.16"; VariantName = "[No Variations]"
Add component (AddParameter): Name = "Series"; Value = "PTS810"; VariantName = "[No Variations]"
Add component (AddParameter): Name = "Switch Function"; Value = "Off-Mom"; VariantName = "[No Variations]"
Add component (AddParameter): Name = "Termination Style"; Value = "J Lead"; VariantName = "[No Variations]"
Add component (AddParameter): Name = "Type"; Value = ""; VariantName = "[No Variations]"
Add component (AddParameter): Name = "Value"; Value = ""; VariantName = "[No Variations]"
Added Component: Designator=U1(XDCR_COM-09032)
Add component (AddParameter): Name = "Availability"; Value = "Unavailable"; VariantName = "[No Variations]"
Add component (AddParameter): Name = "MF"; Value = ""; VariantName = "[No Variations]"
Add component (AddParameter): Name = "MP"; Value = "COM-09032"; VariantName = "[No Variations]"
Add component (AddParameter): Name = "Package"; Value = "None"; VariantName = "[No Variations]"
Add component (AddParameter): Name = "Price"; Value = "None"; VariantName = "[No Variations]"
Add component (AddParameter): Name = "Value"; Value = ""; VariantName = "[No Variations]"
Added Component: Designator=U2(TI-DQN4-480X480TP_V)
Add component (AddParameter): Name = "Case/Package"; Value = ""; VariantName = "[No Variations]"
Add component (AddParameter): Name = "Dropout Voltage"; Value = ""; VariantName = "[No Variations]"
Add component (AddParameter): Name = "Frequency"; Value = ""; VariantName = "[No Variations]"
Add component (AddParameter): Name = "Max Operating Temperature"; Value = "125°C"; VariantName = "[No Variations]"
Add component (AddParameter): Name = "Max Power Dissipation"; Value = ""; VariantName = "[No Variations]"
Add component (AddParameter): Name = "Max Supply Voltage"; Value = ""; VariantName = "[No Variations]"
Add component (AddParameter): Name = "Min Operating Temperature"; Value = "-40°C"; VariantName = "[No Variations]"
Add component (AddParameter): Name = "Min Supply Voltage"; Value = ""; VariantName = "[No Variations]"
Add component (AddParameter): Name = "Mounting Technology"; Value = ""; VariantName = "[No Variations]"
Add component (AddParameter): Name = "Nominal Supply Current"; Value = ""; VariantName = "[No Variations]"
Add component (AddParameter): Name = "Output Current"; Value = ""; VariantName = "[No Variations]"
Add component (AddParameter): Name = "Output Voltage"; Value = "3.3V"; VariantName = "[No Variations]"
Add component (AddParameter): Name = "Pins"; Value = "5"; VariantName = "[No Variations]"
Add component (AddParameter): Name = "RoHS Compliant"; Value = ""; VariantName = "[No Variations]"
Added Pin To Net: NetName=NetS1_1 Pin=C1-1
Added Pin To Net: NetName=NetS1_1 Pin=C2-1
Added Pin To Net: NetName=NetS1_1 Pin=C3-1
Added Pin To Net: NetName=NetS1_1 Pin=C4-1
Added Pin To Net: NetName=NetS1_1 Pin=C5-1
Added Pin To Net: NetName=NetS1_1 Pin=C6-2
Added Pin To Net: NetName=NetS1_1 Pin=C7-2
Added Pin To Net: NetName=NetS1_1 Pin=D1-2
Added Pin To Net: NetName=NetS1_1 Pin=D2-2
Added Pin To Net: NetName=NetS1_1 Pin=D3-2
Added Pin To Net: NetName=NetS1_1 Pin=D4-2
Added Pin To Net: NetName=NetS1_1 Pin=IC1-3
Added Pin To Net: NetName=NetS1_1 Pin=IC1-29
Added Pin To Net: NetName=NetS1_1 Pin=J1-A1
Added Pin To Net: NetName=NetS1_1 Pin=J1-A12
Added Pin To Net: NetName=NetS1_1 Pin=J1-B1
Added Pin To Net: NetName=NetS1_1 Pin=J1-B12
Added Pin To Net: NetName=NetS1_1 Pin=J1-S
Added Pin To Net: NetName=NetS1_1 Pin=J1-S
Added Pin To Net: NetName=NetS1_1 Pin=J1-S
Added Pin To Net: NetName=NetS1_1 Pin=J1-S
Added Pin To Net: NetName=NetS1_1 Pin=R5-1
Added Pin To Net: NetName=NetS1_1 Pin=R8-1
Added Pin To Net: NetName=NetS1_1 Pin=R9-1
Added Pin To Net: NetName=NetS1_1 Pin=S1-3
Added Pin To Net: NetName=NetS1_1 Pin=S1-4
Added Pin To Net: NetName=NetS1_1 Pin=S2-3
Added Pin To Net: NetName=NetS1_1 Pin=S2-4
Added Pin To Net: NetName=NetS1_1 Pin=S3-3
Added Pin To Net: NetName=NetS1_1 Pin=S3-4
Added Pin To Net: NetName=NetS1_1 Pin=S4-3
Added Pin To Net: NetName=NetS1_1 Pin=S4-4
Added Pin To Net: NetName=NetS1_1 Pin=S5-1
Added Pin To Net: NetName=NetS1_1 Pin=S5-2
Added Pin To Net: NetName=NetS1_1 Pin=S6-3
Added Pin To Net: NetName=NetS1_1 Pin=S6-4
Added Pin To Net: NetName=NetS1_1 Pin=S7-3
Added Pin To Net: NetName=NetS1_1 Pin=S7-4
Added Pin To Net: NetName=NetS1_1 Pin=S8-1
Added Pin To Net: NetName=NetS1_1 Pin=S8-2
Added Pin To Net: NetName=NetS1_1 Pin=U1-B2A
Added Pin To Net: NetName=NetS1_1 Pin=U1-H3
Added Pin To Net: NetName=NetS1_1 Pin=U1-S1
Added Pin To Net: NetName=NetS1_1 Pin=U1-S2
Added Pin To Net: NetName=NetS1_1 Pin=U1-S3
Added Pin To Net: NetName=NetS1_1 Pin=U1-S4
Added Pin To Net: NetName=NetS1_1 Pin=U1-V3
Added Pin To Net: NetName=NetS1_1 Pin=U2-2
Added Pin To Net: NetName=NetS1_1 Pin=U2-3
Added Pin To Net: NetName=NetS1_1 Pin=U2-5
Change Net Name : Old Net Name=NetS1_1 New Net Name=GND
Added Pin To Net: NetName=3V3 Pin=C2-2
Added Pin To Net: NetName=3V3 Pin=C3-2
Added Pin To Net: NetName=3V3 Pin=C4-2
Added Pin To Net: NetName=3V3 Pin=R1-2
Added Pin To Net: NetName=3V3 Pin=R2-2
Added Pin To Net: NetName=3V3 Pin=U1-H1
Added Pin To Net: NetName=3V3 Pin=U1-V1
Added Pin To Net: NetName=3V3 Pin=U2-1
Added Pin To Net: NetName=3V3 Pin=U3-2
Added Net: Name=3V3
Added Pin To Net: NetName=CHIP_PU Pin=C5-2
Added Pin To Net: NetName=CHIP_PU Pin=C6-1
Added Pin To Net: NetName=CHIP_PU Pin=R2-1
Added Pin To Net: NetName=CHIP_PU Pin=R4-2
Added Pin To Net: NetName=CHIP_PU Pin=S5-3
Added Pin To Net: NetName=CHIP_PU Pin=S5-4
Added Pin To Net: NetName=CHIP_PU Pin=U3-3
Added Net: Name=CHIP_PU
Added Pin To Net: NetName=DTR Pin=IC1-28
Added Pin To Net: NetName=DTR Pin=Q2-3
Added Pin To Net: NetName=DTR Pin=R6-1
Added Net: Name=DTR
Added Pin To Net: NetName=GPIO0 Pin=C7-1
Added Pin To Net: NetName=GPIO0 Pin=R10-2
Added Pin To Net: NetName=GPIO0 Pin=S8-3
Added Pin To Net: NetName=GPIO0 Pin=S8-4
Added Pin To Net: NetName=GPIO0 Pin=U3-27
Added Net: Name=GPIO0
Added Pin To Net: NetName=GPIO35 Pin=U1-V2
Added Pin To Net: NetName=GPIO35 Pin=U3-28
Added Net: Name=GPIO35
Added Pin To Net: NetName=GPIO36 Pin=U1-H2
Added Pin To Net: NetName=GPIO36 Pin=U3-29
Added Net: Name=GPIO36
Added Pin To Net: NetName=GPIO37 Pin=U1-B1A
Added Pin To Net: NetName=GPIO37 Pin=U3-30
Added Net: Name=GPIO37
Added Pin To Net: NetName=NetD1_1 Pin=D1-1
Added Pin To Net: NetName=NetD1_1 Pin=R1-1
Added Net: Name=NetD1_1
Added Pin To Net: NetName=NetIC1_8 Pin=IC1-8
Added Pin To Net: NetName=NetIC1_8 Pin=R3-2
Added Pin To Net: NetName=NetIC1_8 Pin=R5-2
Added Net: Name=NetIC1_8
Added Pin To Net: NetName=NetIC1_9 Pin=IC1-9
Added Pin To Net: NetName=NetIC1_9 Pin=R8-2
Added Net: Name=NetIC1_9
Added Pin To Net: NetName=NetIC1_11 Pin=IC1-11
Added Pin To Net: NetName=NetIC1_11 Pin=R9-2
Added Net: Name=NetIC1_11
Added Pin To Net: NetName=NetQ1_1 Pin=Q1-1
Added Pin To Net: NetName=NetQ1_1 Pin=R6-2
Added Net: Name=NetQ1_1
Added Pin To Net: NetName=NetQ1_3 Pin=Q1-3
Added Pin To Net: NetName=NetQ1_3 Pin=R4-1
Added Net: Name=NetQ1_3
Added Pin To Net: NetName=NetQ2_1 Pin=Q2-1
Added Pin To Net: NetName=NetQ2_1 Pin=R7-2
Added Net: Name=NetQ2_1
Added Pin To Net: NetName=NetQ2_2 Pin=Q2-2
Added Pin To Net: NetName=NetQ2_2 Pin=R10-1
Added Net: Name=NetQ2_2
Added Pin To Net: NetName=NetS1_1 Pin=S1-1
Added Pin To Net: NetName=NetS1_1 Pin=S1-2
Added Pin To Net: NetName=NetS1_1 Pin=U3-7
Added Net: Name=NetS1_1
Added Pin To Net: NetName=NetS2_1 Pin=S2-1
Added Pin To Net: NetName=NetS2_1 Pin=S2-2
Added Pin To Net: NetName=NetS2_1 Pin=U3-6
Added Net: Name=NetS2_1
Added Pin To Net: NetName=NetS3_1 Pin=S3-1
Added Pin To Net: NetName=NetS3_1 Pin=S3-2
Added Pin To Net: NetName=NetS3_1 Pin=U3-5
Added Net: Name=NetS3_1
Added Pin To Net: NetName=NetS4_1 Pin=S4-1
Added Pin To Net: NetName=NetS4_1 Pin=S4-2
Added Pin To Net: NetName=NetS4_1 Pin=U3-4
Added Net: Name=NetS4_1
Added Pin To Net: NetName=NetS6_1 Pin=S6-1
Added Pin To Net: NetName=NetS6_1 Pin=S6-2
Added Pin To Net: NetName=NetS6_1 Pin=U3-15
Added Net: Name=NetS6_1
Added Pin To Net: NetName=NetS7_1 Pin=S7-1
Added Pin To Net: NetName=NetS7_1 Pin=S7-2
Added Pin To Net: NetName=NetS7_1 Pin=U3-38
Added Net: Name=NetS7_1
Added Pin To Net: NetName=RTS Pin=IC1-24
Added Pin To Net: NetName=RTS Pin=Q1-2
Added Pin To Net: NetName=RTS Pin=R7-1
Added Net: Name=RTS
Added Pin To Net: NetName=RXD0 Pin=IC1-25
Added Pin To Net: NetName=RXD0 Pin=U3-36
Added Net: Name=RXD0
Added Pin To Net: NetName=TXD0 Pin=IC1-26
Added Pin To Net: NetName=TXD0 Pin=U3-37
Added Net: Name=TXD0
Added Pin To Net: NetName=USB_D+ Pin=D4-1
Added Pin To Net: NetName=USB_D+ Pin=IC1-4
Added Pin To Net: NetName=USB_D+ Pin=J1-A6
Added Pin To Net: NetName=USB_D+ Pin=J1-B6
Added Net: Name=USB_D+
Added Pin To Net: NetName=USB_D- Pin=D3-1
Added Pin To Net: NetName=USB_D- Pin=IC1-5
Added Pin To Net: NetName=USB_D- Pin=J1-A7
Added Pin To Net: NetName=USB_D- Pin=J1-B7
Added Net: Name=USB_D-
Added Pin To Net: NetName=VBUS Pin=C1-2
Added Pin To Net: NetName=VBUS Pin=D2-1
Added Pin To Net: NetName=VBUS Pin=IC1-6
Added Pin To Net: NetName=VBUS Pin=IC1-7
Added Pin To Net: NetName=VBUS Pin=J1-A4
Added Pin To Net: NetName=VBUS Pin=J1-A9
Added Pin To Net: NetName=VBUS Pin=J1-B4
Added Pin To Net: NetName=VBUS Pin=J1-B9
Added Pin To Net: NetName=VBUS Pin=R3-1
Added Pin To Net: NetName=VBUS Pin=U2-4
Added Net: Name=VBUS
Added Member To Class: ClassName=Sheet1 Member=Component C1 CL05Y105KP6VPNC
Added Member To Class: ClassName=Sheet1 Member=Component C2 CL05Y105KP6VPNC
Added Member To Class: ClassName=Sheet1 Member=Component C3 GRM188C80J106MEA6J
Added Member To Class: ClassName=Sheet1 Member=Component C4 CL05Y105KP6VPNC
Added Member To Class: ClassName=Sheet1 Member=Component C5 CL05Y105KP6VPNC
Added Member To Class: ClassName=Sheet1 Member=Component C6 CL05Y105KP6VPNC
Added Member To Class: ClassName=Sheet1 Member=Component C7 CL05Y105KP6VPNC
Added Member To Class: ClassName=Sheet1 Member=Component D1 RED
Added Member To Class: ClassName=Sheet1 Member=Component D2 ESD
Added Member To Class: ClassName=Sheet1 Member=Component D3 ESD
Added Member To Class: ClassName=Sheet1 Member=Component D4 ESD
Added Member To Class: ClassName=Sheet1 Member=Component IC1 CP2102N-A02-GQFN28R
Added Member To Class: ClassName=Sheet1 Member=Component J1 1054500101
Added Member To Class: ClassName=Sheet1 Member=Component Q1 BCW65ALT1G
Added Member To Class: ClassName=Sheet1 Member=Component Q2 BCW65ALT1G
Added Member To Class: ClassName=Sheet1 Member=Component R1 9D1KR2J
Added Member To Class: ClassName=Sheet1 Member=Component R2 9D1KR2J
Added Member To Class: ClassName=Sheet1 Member=Component R3 Resistor 22K  +/-1 % 0402 63 mW
Added Member To Class: ClassName=Sheet1 Member=Component R4 Resistor 0R 0402 63 mW
Added Member To Class: ClassName=Sheet1 Member=Component R5 Resistor 47K5 +/-1 % 0402 63 mW
Added Member To Class: ClassName=Sheet1 Member=Component R6 9D1KR2J
Added Member To Class: ClassName=Sheet1 Member=Component R7 9D1KR2J
Added Member To Class: ClassName=Sheet1 Member=Component R8 1KR2J
Added Member To Class: ClassName=Sheet1 Member=Component R9 Resistor 47K5 +/-1 % 0402 63 mW
Added Member To Class: ClassName=Sheet1 Member=Component R10 Resistor 0R 0402 63 mW
Added Member To Class: ClassName=Sheet1 Member=Component S7 SELECT
Added Member To Class: ClassName=Sheet1 Member=Component S8 RST
Added Member To Class: ClassName=Sheet1 Member=Component U2 LP5907SNX-3.3
Added Member To Class: ClassName=Sheet1 Member=Component U3 ESP32-S3-WROOM-1-N16R2
